<?xml version="1.0" encoding="UTF-8"?>
<!-- Generated by org.testng.reporters.JUnitReportReporter -->
<testsuite hostname="Ram-PC" name="com.flipkart.automation.tests.Sanity" tests="5" failures="0" timestamp="27 Apr 2016 01:48:52 GMT" time="57.960" errors="0">
  <testcase name="autTC03" time="22.307" classname="com.flipkart.automation.tests.Sanity"/>
  <testcase name="autTC02" time="19.551" classname="com.flipkart.automation.tests.Sanity"/>
  <testcase name="autTC01" time="16.062" classname="com.flipkart.automation.tests.Sanity"/>
  <testcase name="autTC04" time="0.036" classname="com.flipkart.automation.tests.Sanity"/>
  <testcase name="autTC05" time="0.004" classname="com.flipkart.automation.tests.Sanity"/>
</testsuite> <!-- com.flipkart.automation.tests.Sanity -->
