<?xml version="1.0" encoding="UTF-8"?>
<!-- Generated by org.testng.reporters.JUnitReportReporter -->
<testsuite hostname="gopika-pc" name="com.flipkart.automation.tests.Sanity" tests="1" failures="0" timestamp="17 Apr 2016 12:00:15 GMT" time="14.574" errors="0">
  <testcase name="autTC01" time="14.574" classname="com.flipkart.automation.tests.Sanity"/>
</testsuite> <!-- com.flipkart.automation.tests.Sanity -->
