<?xml version="1.0" encoding="UTF-8"?>
<!-- Generated by org.testng.reporters.JUnitReportReporter -->
<testsuite hostname="Ram-PC" name="com.flipkart.automation.tests.Sanity" tests="1" failures="0" timestamp="8 May 2016 02:53:52 GMT" time="40.074" errors="0">
  <testcase name="autTC01" time="40.074" classname="com.flipkart.automation.tests.Sanity"/>
</testsuite> <!-- com.flipkart.automation.tests.Sanity -->
